# JRE version: OpenJDK Runtime Environment Temurin-17.0.11+9 (17.0.11+9) (build 17.0.11+9)
# Java VM: OpenJDK Client VM Temurin-17.0.11+9 (17.0.11+9, mixed mode, emulated-client, serial gc, windows-x86)
GC Precious Log:
 CPUs: 12 total, 12 available
 Memory: 7933M
 Large Page Support: Disabled
 NUMA Support: Disabled
 Compressed Oops: Disabled
 Heap Min Capacity: 6M
 Heap Initial Capacity: 16M
 Heap Max Capacity: 1536M
 Pre-touch: Disabled
Heap:
 def new generation   total 115904K, used 77143K [0x05800000, 0x0d5c0000, 0x25800000)
  eden space 103040K,  62% used [0x05800000, 0x096d3ee8, 0x0bca0000)
  from space 12864K,  99% used [0x0bca0000, 0x0c921f10, 0x0c930000)
  to   space 12864K,   0% used [0x0c930000, 0x0c930000, 0x0d5c0000)
 tenured generation   total 257116K, used 176271K [0x25800000, 0x35317000, 0x65800000)
   the space 257116K,  68% used [0x25800000, 0x30423d68, 0x30423e00, 0x35317000)
 Metaspace       used 81279K, committed 81792K, reserved 81920K
GC Heap History (20 events):
Event: 23.150 GC heap before
{Heap before GC invocations=130 (full 6):
 def new generation   total 97536K, used 10816K [0x05800000, 0x0c1d0000, 0x25800000)
  eden space 86720K,   0% used [0x05800000, 0x05800000, 0x0acb0000)
  from space 10816K, 100% used [0x0acb0000, 0x0b740000, 0x0b740000)
  to   space 10816K,   0% used [0x0b740000, 0x0b740000, 0x0c1d0000)
 tenured generation   total 239848K, used 239816K [0x25800000, 0x3423a000, 0x65800000)
   the space 239848K,  99% used [0x25800000, 0x342323f0, 0x34232400, 0x3423a000)
 Metaspace       used 80589K, committed 81088K, reserved 81920K
}
Event: 23.300 GC heap after
{Heap after GC invocations=130 (full 7):
 def new generation   total 100096K, used 0K [0x05800000, 0x0c490000, 0x25800000)
  eden space 89024K,   0% used [0x05800000, 0x05800000, 0x0aef0000)
  from space 11072K,   0% used [0x0aef0000, 0x0aef0000, 0x0b9c0000)
  to   space 11072K,   0% used [0x0b9c0000, 0x0b9c0000, 0x0c490000)
 tenured generation   total 221868K, used 133119K [0x25800000, 0x330ab000, 0x65800000)
   the space 221868K,  59% used [0x25800000, 0x2d9ffd10, 0x2d9ffe00, 0x330ab000)
 Metaspace       used 80589K, committed 81088K, reserved 81920K
}
Event: 23.415 GC heap before
{Heap before GC invocations=130 (full 7):
 def new generation   total 100096K, used 89024K [0x05800000, 0x0c490000, 0x25800000)
  eden space 89024K, 100% used [0x05800000, 0x0aef0000, 0x0aef0000)
  from space 11072K,   0% used [0x0aef0000, 0x0aef0000, 0x0b9c0000)
  to   space 11072K,   0% used [0x0b9c0000, 0x0b9c0000, 0x0c490000)
 tenured generation   total 221868K, used 133119K [0x25800000, 0x330ab000, 0x65800000)
   the space 221868K,  59% used [0x25800000, 0x2d9ffd10, 0x2d9ffe00, 0x330ab000)
 Metaspace       used 80670K, committed 81216K, reserved 81920K
}
Event: 23.490 GC heap after
{Heap after GC invocations=131 (full 7):
 def new generation   total 100096K, used 11071K [0x05800000, 0x0c490000, 0x25800000)
  eden space 89024K,   0% used [0x05800000, 0x05800000, 0x0aef0000)
  from space 11072K,  99% used [0x0b9c0000, 0x0c48fff8, 0x0c490000)
  to   space 11072K,   0% used [0x0aef0000, 0x0aef0000, 0x0b9c0000)
 tenured generation   total 221868K, used 161645K [0x25800000, 0x330ab000, 0x65800000)
   the space 221868K,  72% used [0x25800000, 0x2f5db478, 0x2f5db600, 0x330ab000)
 Metaspace       used 80670K, committed 81216K, reserved 81920K
}
Event: 23.782 GC heap before
{Heap before GC invocations=131 (full 7):
 def new generation   total 100096K, used 100095K [0x05800000, 0x0c490000, 0x25800000)
  eden space 89024K, 100% used [0x05800000, 0x0aef0000, 0x0aef0000)
  from space 11072K,  99% used [0x0b9c0000, 0x0c48fff8, 0x0c490000)
  to   space 11072K,   0% used [0x0aef0000, 0x0aef0000, 0x0b9c0000)
 tenured generation   total 221868K, used 161645K [0x25800000, 0x330ab000, 0x65800000)
   the space 221868K,  72% used [0x25800000, 0x2f5db478, 0x2f5db600, 0x330ab000)
 Metaspace       used 80968K, committed 81536K, reserved 81920K
}
Event: 23.822 GC heap after
{Heap after GC invocations=132 (full 7):
 def new generation   total 100096K, used 7413K [0x05800000, 0x0c490000, 0x25800000)
  eden space 89024K,   0% used [0x05800000, 0x05800000, 0x0aef0000)
  from space 11072K,  66% used [0x0aef0000, 0x0b62d7f8, 0x0b9c0000)
  to   space 11072K,   0% used [0x0b9c0000, 0x0b9c0000, 0x0c490000)
 tenured generation   total 221868K, used 172384K [0x25800000, 0x330ab000, 0x65800000)
   the space 221868K,  77% used [0x25800000, 0x30058358, 0x30058400, 0x330ab000)
 Metaspace       used 80968K, committed 81536K, reserved 81920K
}
Event: 24.239 GC heap before
{Heap before GC invocations=132 (full 7):
 def new generation   total 100096K, used 96437K [0x05800000, 0x0c490000, 0x25800000)
  eden space 89024K, 100% used [0x05800000, 0x0aef0000, 0x0aef0000)
  from space 11072K,  66% used [0x0aef0000, 0x0b62d7f8, 0x0b9c0000)
  to   space 11072K,   0% used [0x0b9c0000, 0x0b9c0000, 0x0c490000)
 tenured generation   total 221868K, used 172384K [0x25800000, 0x330ab000, 0x65800000)
   the space 221868K,  77% used [0x25800000, 0x30058358, 0x30058400, 0x330ab000)
 Metaspace       used 80968K, committed 81536K, reserved 81920K
}
Event: 24.256 GC heap after
{Heap after GC invocations=133 (full 7):
 def new generation   total 100096K, used 10991K [0x05800000, 0x0c490000, 0x25800000)
  eden space 89024K,   0% used [0x05800000, 0x05800000, 0x0aef0000)
  from space 11072K,  99% used [0x0b9c0000, 0x0c47bce0, 0x0c490000)
  to   space 11072K,   0% used [0x0aef0000, 0x0aef0000, 0x0b9c0000)
 tenured generation   total 221868K, used 178979K [0x25800000, 0x330ab000, 0x65800000)
   the space 221868K,  80% used [0x25800000, 0x306c8e08, 0x306c9000, 0x330ab000)
 Metaspace       used 80968K, committed 81536K, reserved 81920K
}
Event: 24.463 GC heap before
{Heap before GC invocations=133 (full 7):
 def new generation   total 100096K, used 100015K [0x05800000, 0x0c490000, 0x25800000)
  eden space 89024K, 100% used [0x05800000, 0x0aef0000, 0x0aef0000)
  from space 11072K,  99% used [0x0b9c0000, 0x0c47bce0, 0x0c490000)
  to   space 11072K,   0% used [0x0aef0000, 0x0aef0000, 0x0b9c0000)
 tenured generation   total 221868K, used 178979K [0x25800000, 0x330ab000, 0x65800000)
   the space 221868K,  80% used [0x25800000, 0x306c8e08, 0x306c9000, 0x330ab000)
 Metaspace       used 80968K, committed 81536K, reserved 81920K
}
Event: 24.479 GC heap after
{Heap after GC invocations=134 (full 7):
 def new generation   total 100096K, used 11072K [0x05800000, 0x0c490000, 0x25800000)
  eden space 89024K,   0% used [0x05800000, 0x05800000, 0x0aef0000)
  from space 11072K, 100% used [0x0aef0000, 0x0b9c0000, 0x0b9c0000)
  to   space 11072K,   0% used [0x0b9c0000, 0x0b9c0000, 0x0c490000)
 tenured generation   total 221868K, used 194828K [0x25800000, 0x330ab000, 0x65800000)
   the space 221868K,  87% used [0x25800000, 0x31643200, 0x31643200, 0x330ab000)
 Metaspace       used 80968K, committed 81536K, reserved 81920K
}
Event: 24.898 GC heap before
{Heap before GC invocations=134 (full 7):
 def new generation   total 100096K, used 100096K [0x05800000, 0x0c490000, 0x25800000)
  eden space 89024K, 100% used [0x05800000, 0x0aef0000, 0x0aef0000)
  from space 11072K, 100% used [0x0aef0000, 0x0b9c0000, 0x0b9c0000)
  to   space 11072K,   0% used [0x0b9c0000, 0x0b9c0000, 0x0c490000)
 tenured generation   total 221868K, used 194828K [0x25800000, 0x330ab000, 0x65800000)
   the space 221868K,  87% used [0x25800000, 0x31643200, 0x31643200, 0x330ab000)
 Metaspace       used 80986K, committed 81536K, reserved 81920K
}
Event: 24.923 GC heap after
{Heap after GC invocations=135 (full 7):
 def new generation   total 100096K, used 7524K [0x05800000, 0x0c490000, 0x25800000)
  eden space 89024K,   0% used [0x05800000, 0x05800000, 0x0aef0000)
  from space 11072K,  67% used [0x0b9c0000, 0x0c1193a0, 0x0c490000)
  to   space 11072K,   0% used [0x0aef0000, 0x0aef0000, 0x0b9c0000)
 tenured generation   total 221868K, used 213113K [0x25800000, 0x330ab000, 0x65800000)
   the space 221868K,  96% used [0x25800000, 0x3281e420, 0x3281e600, 0x330ab000)
 Metaspace       used 80986K, committed 81536K, reserved 81920K
}
Event: 25.082 GC heap before
{Heap before GC invocations=135 (full 7):
 def new generation   total 100096K, used 96548K [0x05800000, 0x0c490000, 0x25800000)
  eden space 89024K, 100% used [0x05800000, 0x0aef0000, 0x0aef0000)
  from space 11072K,  67% used [0x0b9c0000, 0x0c1193a0, 0x0c490000)
  to   space 11072K,   0% used [0x0aef0000, 0x0aef0000, 0x0b9c0000)
 tenured generation   total 221868K, used 213113K [0x25800000, 0x330ab000, 0x65800000)
   the space 221868K,  96% used [0x25800000, 0x3281e420, 0x3281e600, 0x330ab000)
 Metaspace       used 80986K, committed 81536K, reserved 81920K
}
Event: 25.175 GC heap after
{Heap after GC invocations=136 (full 7):
 def new generation   total 100096K, used 11072K [0x05800000, 0x0c490000, 0x25800000)
  eden space 89024K,   0% used [0x05800000, 0x05800000, 0x0aef0000)
  from space 11072K, 100% used [0x0aef0000, 0x0b9c0000, 0x0b9c0000)
  to   space 11072K,   0% used [0x0b9c0000, 0x0b9c0000, 0x0c490000)
 tenured generation   total 248876K, used 248834K [0x25800000, 0x34b0b000, 0x65800000)
   the space 248876K,  99% used [0x25800000, 0x34b00940, 0x34b00a00, 0x34b0b000)
 Metaspace       used 80986K, committed 81536K, reserved 81920K
}
Event: 25.175 GC heap before
{Heap before GC invocations=136 (full 7):
 def new generation   total 100096K, used 11072K [0x05800000, 0x0c490000, 0x25800000)
  eden space 89024K,   0% used [0x05800000, 0x05800000, 0x0aef0000)
  from space 11072K, 100% used [0x0aef0000, 0x0b9c0000, 0x0b9c0000)
  to   space 11072K,   0% used [0x0b9c0000, 0x0b9c0000, 0x0c490000)
 tenured generation   total 248876K, used 248834K [0x25800000, 0x34b0b000, 0x65800000)
   the space 248876K,  99% used [0x25800000, 0x34b00940, 0x34b00a00, 0x34b0b000)
 Metaspace       used 80986K, committed 81536K, reserved 81920K
}
Event: 25.423 GC heap after
{Heap after GC invocations=136 (full 8):
 def new generation   total 115904K, used 0K [0x05800000, 0x0d5c0000, 0x25800000)
  eden space 103040K,   0% used [0x05800000, 0x05800000, 0x0bca0000)
  from space 12864K,   0% used [0x0bca0000, 0x0bca0000, 0x0c930000)
  to   space 12864K,   0% used [0x0c930000, 0x0c930000, 0x0d5c0000)
 tenured generation   total 257116K, used 154267K [0x25800000, 0x35317000, 0x65800000)
   the space 257116K,  59% used [0x25800000, 0x2eea6fd0, 0x2eea7000, 0x35317000)
 Metaspace       used 80986K, committed 81536K, reserved 81920K
}
Event: 25.767 GC heap before
{Heap before GC invocations=136 (full 8):
 def new generation   total 115904K, used 103040K [0x05800000, 0x0d5c0000, 0x25800000)
  eden space 103040K, 100% used [0x05800000, 0x0bca0000, 0x0bca0000)
  from space 12864K,   0% used [0x0bca0000, 0x0bca0000, 0x0c930000)
  to   space 12864K,   0% used [0x0c930000, 0x0c930000, 0x0d5c0000)
 tenured generation   total 257116K, used 154267K [0x25800000, 0x35317000, 0x65800000)
   the space 257116K,  59% used [0x25800000, 0x2eea6fd0, 0x2eea7000, 0x35317000)
 Metaspace       used 80986K, committed 81536K, reserved 81920K
}
Event: 25.795 GC heap after
{Heap after GC invocations=137 (full 8):
 def new generation   total 115904K, used 12684K [0x05800000, 0x0d5c0000, 0x25800000)
  eden space 103040K,   0% used [0x05800000, 0x05800000, 0x0bca0000)
  from space 12864K,  98% used [0x0c930000, 0x0d593000, 0x0d5c0000)
  to   space 12864K,   0% used [0x0bca0000, 0x0bca0000, 0x0c930000)
 tenured generation   total 257116K, used 154267K [0x25800000, 0x35317000, 0x65800000)
   the space 257116K,  59% used [0x25800000, 0x2eea6fd0, 0x2eea7000, 0x35317000)
 Metaspace       used 80986K, committed 81536K, reserved 81920K
}
Event: 26.089 GC heap before
{Heap before GC invocations=137 (full 8):
 def new generation   total 115904K, used 115724K [0x05800000, 0x0d5c0000, 0x25800000)
  eden space 103040K, 100% used [0x05800000, 0x0bca0000, 0x0bca0000)
  from space 12864K,  98% used [0x0c930000, 0x0d593000, 0x0d5c0000)
  to   space 12864K,   0% used [0x0bca0000, 0x0bca0000, 0x0c930000)
 tenured generation   total 257116K, used 154267K [0x25800000, 0x35317000, 0x65800000)
   the space 257116K,  59% used [0x25800000, 0x2eea6fd0, 0x2eea7000, 0x35317000)
 Metaspace       used 80986K, committed 81536K, reserved 81920K
}
Event: 26.116 GC heap after
{Heap after GC invocations=138 (full 8):
 def new generation   total 115904K, used 12807K [0x05800000, 0x0d5c0000, 0x25800000)
  eden space 103040K,   0% used [0x05800000, 0x05800000, 0x0bca0000)
  from space 12864K,  99% used [0x0bca0000, 0x0c921f10, 0x0c930000)
  to   space 12864K,   0% used [0x0c930000, 0x0c930000, 0x0d5c0000)
 tenured generation   total 257116K, used 176271K [0x25800000, 0x35317000, 0x65800000)
   the space 257116K,  68% used [0x25800000, 0x30423d68, 0x30423e00, 0x35317000)
 Metaspace       used 80986K, committed 81536K, reserved 81920K
}

